2022-04-18 10:52:26.469  INFO 2224 --- [restartedMain] com.birol.Application                    : Starting Application on DESKTOP-J8VDK1L with PID 2224 (F:\STSworkspaceEMs\EMS\target\classes started by Sherlock Holmes in F:\STSworkspaceEMs\EMS)
2022-04-18 10:52:26.509  INFO 2224 --- [restartedMain] com.birol.Application                    : No active profile set, falling back to default profiles: default
2022-04-18 10:52:27.621  INFO 2224 --- [restartedMain] .e.DevToolsPropertyDefaultsPostProcessor : Devtools property defaults active! Set 'spring.devtools.add-properties' to 'false' to disable
2022-04-18 10:52:27.621  INFO 2224 --- [restartedMain] .e.DevToolsPropertyDefaultsPostProcessor : For additional web related logging consider setting the 'logging.level.web' property to 'DEBUG'
2022-04-18 10:52:30.302  INFO 2224 --- [restartedMain] .s.d.r.c.RepositoryConfigurationDelegate : Bootstrapping Spring Data repositories in DEFAULT mode.
2022-04-18 10:52:30.587  INFO 2224 --- [restartedMain] .s.d.r.c.RepositoryConfigurationDelegate : Finished Spring Data repository scanning in 249ms. Found 11 repository interfaces.
2022-04-18 10:52:31.228  INFO 2224 --- [restartedMain] trationDelegate$BeanPostProcessorChecker : Bean 'org.springframework.transaction.annotation.ProxyTransactionManagementConfiguration' of type [org.springframework.transaction.annotation.ProxyTransactionManagementConfiguration$$EnhancerBySpringCGLIB$$6d2f02f0] is not eligible for getting processed by all BeanPostProcessors (for example: not eligible for auto-proxying)
2022-04-18 10:52:31.279  INFO 2224 --- [restartedMain] trationDelegate$BeanPostProcessorChecker : Bean 'org.springframework.security.config.annotation.configuration.ObjectPostProcessorConfiguration' of type [org.springframework.security.config.annotation.configuration.ObjectPostProcessorConfiguration$$EnhancerBySpringCGLIB$$5dccb2a] is not eligible for getting processed by all BeanPostProcessors (for example: not eligible for auto-proxying)
2022-04-18 10:52:31.305  INFO 2224 --- [restartedMain] trationDelegate$BeanPostProcessorChecker : Bean 'objectPostProcessor' of type [org.springframework.security.config.annotation.configuration.AutowireBeanFactoryObjectPostProcessor] is not eligible for getting processed by all BeanPostProcessors (for example: not eligible for auto-proxying)
2022-04-18 10:52:31.307  INFO 2224 --- [restartedMain] trationDelegate$BeanPostProcessorChecker : Bean 'org.springframework.security.access.expression.method.DefaultMethodSecurityExpressionHandler@8c05838' of type [org.springframework.security.access.expression.method.DefaultMethodSecurityExpressionHandler] is not eligible for getting processed by all BeanPostProcessors (for example: not eligible for auto-proxying)
2022-04-18 10:52:31.307  INFO 2224 --- [restartedMain] trationDelegate$BeanPostProcessorChecker : Bean 'org.springframework.security.config.annotation.method.configuration.GlobalMethodSecurityConfiguration' of type [org.springframework.security.config.annotation.method.configuration.GlobalMethodSecurityConfiguration$$EnhancerBySpringCGLIB$$2ab16ddc] is not eligible for getting processed by all BeanPostProcessors (for example: not eligible for auto-proxying)
2022-04-18 10:52:31.309  INFO 2224 --- [restartedMain] trationDelegate$BeanPostProcessorChecker : Bean 'methodSecurityMetadataSource' of type [org.springframework.security.access.method.DelegatingMethodSecurityMetadataSource] is not eligible for getting processed by all BeanPostProcessors (for example: not eligible for auto-proxying)
2022-04-18 10:52:32.130  INFO 2224 --- [restartedMain] o.s.b.w.embedded.tomcat.TomcatWebServer  : Tomcat initialized with port(s): 8080 (http)
2022-04-18 10:52:32.193  INFO 2224 --- [restartedMain] o.apache.catalina.core.StandardService   : Starting service [Tomcat]
2022-04-18 10:52:32.194  INFO 2224 --- [restartedMain] org.apache.catalina.core.StandardEngine  : Starting Servlet Engine: Apache Tomcat/9.0.13
2022-04-18 10:52:32.223  INFO 2224 --- [restartedMain] o.a.catalina.core.AprLifecycleListener   : The APR based Apache Tomcat Native library which allows optimal performance in production environments was not found on the java.library.path: [C:\Program Files\Java\jdk1.8.0_161\bin;C:\WINDOWS\Sun\Java\bin;C:\WINDOWS\system32;C:\WINDOWS;C:\Program Files (x86)\Common Files\Oracle\Java\javapath;C:\ProgramData\Oracle\Java\javapath;C:\oraclexe\app\oracle\product\11.2.0\server\bin;E:\client\product\11.2.0\client_1\bin;C:\WINDOWS\system32;C:\WINDOWS;C:\WINDOWS\System32\Wbem;C:\WINDOWS\System32\WindowsPowerShell\v1.0\;C:\Program Files\TortoiseSVN\bin;C:\Program Files\Git\cmd;C:\Program Files\Java\jdk-9.0.4\bin;C:\Program Files\Java\jre-9.0.4\bin;C:\Program Files\Microsoft SQL Server\Client SDK\ODBC\130\Tools\Binn\;C:\Program Files (x86)\Microsoft SQL Server\140\Tools\Binn\;C:\Program Files\Microsoft SQL Server\140\Tools\Binn\;C:\Program Files\Microsoft SQL Server\140\DTS\Binn\;C:\xampp\php;C:\WINDOWS\System32\OpenSSH\;C:\apache-maven-3.5.4\bin;C:\apache-maven-3.6.3\bin;%JAVA_HOME%\bin;C:\Program Files (x86)\Brackets\command;C:\instantclient_12_2;C:\composer;C:\Program Files\nodejs\;C:\Program Files (x86)\Bitvise SSH Client;C:\Users\Sherlock Holmes\AppData\Local\Microsoft\WindowsApps;C:\Program Files (x86)\SSH Communications Security\SSH Secure Shell;C:\Users\Sherlock Holmes\AppData\Roaming\Composer\vendor\bin;C:\Users\Sherlock Holmes\AppData\Local\Microsoft\WindowsApps;C:\xampp_new\php;C:\Users\Sherlock Holmes\AppData\Local\Programs\Microsoft VS Code\bin;C:\Users\Sherlock Holmes\AppData\Roaming\npm;.]
2022-04-18 10:52:32.388  INFO 2224 --- [restartedMain] o.a.c.c.C.[Tomcat].[localhost].[/]       : Initializing Spring embedded WebApplicationContext
2022-04-18 10:52:32.388  INFO 2224 --- [restartedMain] o.s.web.context.ContextLoader            : Root WebApplicationContext: initialization completed in 4767 ms
2022-04-18 10:52:32.934  INFO 2224 --- [restartedMain] com.zaxxer.hikari.HikariDataSource       : HikariPool-1 - Starting...
2022-04-18 10:52:33.335  INFO 2224 --- [restartedMain] com.zaxxer.hikari.HikariDataSource       : HikariPool-1 - Start completed.
2022-04-18 10:52:33.488  INFO 2224 --- [restartedMain] o.hibernate.jpa.internal.util.LogHelper  : HHH000204: Processing PersistenceUnitInfo [
	name: default
	...]
2022-04-18 10:52:33.744  INFO 2224 --- [restartedMain] org.hibernate.Version                    : HHH000412: Hibernate Core {5.3.7.Final}
2022-04-18 10:52:33.745  INFO 2224 --- [restartedMain] org.hibernate.cfg.Environment            : HHH000206: hibernate.properties not found
2022-04-18 10:52:34.420  INFO 2224 --- [restartedMain] o.hibernate.annotations.common.Version   : HCANN000001: Hibernate Commons Annotations {5.0.4.Final}
2022-04-18 10:52:34.957  INFO 2224 --- [restartedMain] org.hibernate.dialect.Dialect            : HHH000400: Using dialect: org.hibernate.dialect.MySQL5InnoDBDialect
2022-04-18 10:52:37.685  INFO 2224 --- [restartedMain] j.LocalContainerEntityManagerFactoryBean : Initialized JPA EntityManagerFactory for persistence unit 'default'
2022-04-18 10:52:37.772  INFO 2224 --- [restartedMain] o.s.b.d.a.OptionalLiveReloadServer       : LiveReload server is running on port 35729
2022-04-18 10:52:39.750  INFO 2224 --- [restartedMain] o.s.s.web.DefaultSecurityFilterChain     : Creating filter chain: any request, [org.springframework.security.web.context.request.async.WebAsyncManagerIntegrationFilter@2f188685, org.springframework.security.web.context.SecurityContextPersistenceFilter@62922a4c, org.springframework.security.web.header.HeaderWriterFilter@35d39afb, org.springframework.security.web.authentication.logout.LogoutFilter@59682659, org.springframework.security.web.authentication.UsernamePasswordAuthenticationFilter@73f42592, org.springframework.security.web.savedrequest.RequestCacheAwareFilter@3fa5435a, org.springframework.security.web.servletapi.SecurityContextHolderAwareRequestFilter@636af3b1, org.springframework.security.web.authentication.AnonymousAuthenticationFilter@1e2aec6b, org.springframework.security.web.session.SessionManagementFilter@47c0559e, org.springframework.security.web.access.ExceptionTranslationFilter@46f9db6b, org.springframework.security.web.access.intercept.FilterSecurityInterceptor@1e9c43c1]
2022-04-18 10:52:40.198  INFO 2224 --- [restartedMain] o.s.s.concurrent.ThreadPoolTaskExecutor  : Initializing ExecutorService 'applicationTaskExecutor'
2022-04-18 10:52:40.434  WARN 2224 --- [restartedMain] aWebConfiguration$JpaWebMvcConfiguration : spring.jpa.open-in-view is enabled by default. Therefore, database queries may be performed during view rendering. Explicitly configure spring.jpa.open-in-view to disable this warning
2022-04-18 10:52:41.085  INFO 2224 --- [restartedMain] o.s.b.w.embedded.tomcat.TomcatWebServer  : Tomcat started on port(s): 8080 (http) with context path ''
2022-04-18 10:52:41.087  INFO 2224 --- [restartedMain] com.birol.Application                    : Started Application in 15.761 seconds (JVM running for 18.568)
2022-04-18 10:53:06.098  INFO 2224 --- [http-nio-8080-exec-1] o.a.c.c.C.[Tomcat].[localhost].[/]       : Initializing Spring DispatcherServlet 'dispatcherServlet'
2022-04-18 10:53:06.098  INFO 2224 --- [http-nio-8080-exec-1] o.s.web.servlet.DispatcherServlet        : Initializing Servlet 'dispatcherServlet'
2022-04-18 10:53:06.104  INFO 2224 --- [http-nio-8080-exec-1] o.s.web.servlet.DispatcherServlet        : Completed initialization in 6 ms
2022-04-18 10:53:12.545  INFO 2224 --- [http-nio-8080-exec-9] o.h.h.i.QueryTranslatorFactoryInitiator  : HHH000397: Using ASTQueryTranslatorFactory
2022-04-18 12:53:31.173  INFO 2224 --- [RMI TCP Connection(2)-127.0.0.1] inMXBeanRegistrar$SpringApplicationAdmin : Application shutdown requested.
2022-04-18 12:53:31.718  INFO 2224 --- [RMI TCP Connection(2)-127.0.0.1] o.s.s.concurrent.ThreadPoolTaskExecutor  : Shutting down ExecutorService 'applicationTaskExecutor'
2022-04-18 12:53:31.792  INFO 2224 --- [RMI TCP Connection(2)-127.0.0.1] j.LocalContainerEntityManagerFactoryBean : Closing JPA EntityManagerFactory for persistence unit 'default'
2022-04-18 12:53:32.130  INFO 2224 --- [RMI TCP Connection(2)-127.0.0.1] com.zaxxer.hikari.HikariDataSource       : HikariPool-1 - Shutdown initiated...
2022-04-18 12:53:32.154  INFO 2224 --- [RMI TCP Connection(2)-127.0.0.1] com.zaxxer.hikari.HikariDataSource       : HikariPool-1 - Shutdown completed.
